<!DOCTYPE html PUBLIC "-//W3C//DTD XHTML 1.1//EN" "http://www.w3.org/TR/xhtml11/DTD/xhtml11.dtd">
<html xmlns="http://www.w3.org/1999/xhtml">
<head>
<meta http-equiv="content-type" content="text/html; charset=UTF-8"/>
<title>TestNG Report</title>
<style type="text/css">table {margin-bottom:10px;border-collapse:collapse;empty-cells:show}th,td {border:1px solid #009;padding:.25em .5em}th {vertical-align:bottom}td {vertical-align:top}table a {font-weight:bold}.stripe td {background-color: #E6EBF9}.num {text-align:right}.passedodd td {background-color: #3F3}.passedeven td {background-color: #0A0}.skippedodd td {background-color: #DDD}.skippedeven td {background-color: #CCC}.failedodd td,.attn {background-color: #F33}.failedeven td,.stripe .attn {background-color: #D00}.stacktrace {white-space:pre;font-family:monospace}.totop {font-size:85%;text-align:center;border-bottom:2px solid #000}.invisible {display:none}</style>
</head>
<body>
<table>
<tr><th>Test</th><th># Passed</th><th># Skipped</th><th># Failed</th><th>Time (ms)</th><th>Included Groups</th><th>Excluded Groups</th></tr>
<tr><th colspan="7">tracify Application Test Automation Test Suite</th></tr>
<tr><td><a href="#t0">tracify app test Cases</a></td><td class="num">10</td><td class="num">0</td><td class="num attn">2</td><td class="num">342,106</td><td></td><td></td></tr>
</table>
<table id='summary'><thead><tr><th>Class</th><th>Method</th><th>Start</th><th>Time (ms)</th></tr></thead><tbody><tr><th colspan="4">tracify Application Test Automation Test Suite</th></tr></tbody><tbody id="t0"><tr><th colspan="4">tracify app test Cases &#8212; failed</th></tr><tr class="failedeven"><td rowspan="1">com.herokuapp.qa.tests.CreateMissionsPageTest</td><td><a href="#m0">verifymissionlabel</a></td><td rowspan="1">1568022569487</td><td rowspan="1">28974</td></tr><tr class="failedodd"><td rowspan="1">com.herokuapp.qa.tests.SubDivisonMissionPageTest</td><td><a href="#m1">verifyaddmision_as_subdepart</a></td><td rowspan="1">1568022643852</td><td rowspan="1">22645</td></tr><tr><th colspan="4">tracify app test Cases &#8212; passed</th></tr><tr class="passedeven"><td rowspan="2">com.herokuapp.qa.tests.CreateMissionsPageTest</td><td><a href="#m2">verifyTableList</a></td><td rowspan="1">1568022498535</td><td rowspan="1">4212</td></tr><tr class="passedeven"><td><a href="#m3">verifymissionlabel</a></td><td rowspan="1">1568022531733</td><td rowspan="1">20405</td></tr><tr class="passedodd"><td rowspan="2">com.herokuapp.qa.tests.EditProfilePageTest</td><td><a href="#m4">update</a></td><td rowspan="1">1568022455613</td><td rowspan="1">4227</td></tr><tr class="passedodd"><td><a href="#m5">verify_updated_data</a></td><td rowspan="1">1568022482467</td><td rowspan="1">61</td></tr><tr class="passedeven"><td rowspan="2">com.herokuapp.qa.tests.HomePageTest</td><td><a href="#m6">VerifyUserProfileName</a></td><td rowspan="1">1568022431756</td><td rowspan="1">51</td></tr><tr class="passedeven"><td><a href="#m7">verifyHomePageTitle</a></td><td rowspan="1">1568022415041</td><td rowspan="1">19</td></tr><tr class="passedodd"><td rowspan="2">com.herokuapp.qa.tests.LoginPageTest</td><td><a href="#m8">login</a></td><td rowspan="1">1568022347270</td><td rowspan="1">25639</td></tr><tr class="passedodd"><td><a href="#m9">verifyloginpagetitle</a></td><td rowspan="1">1568022335837</td><td rowspan="1">488</td></tr><tr class="passedeven"><td rowspan="1">com.herokuapp.qa.tests.LogoutPageTest</td><td><a href="#m10">clicklogout</a></td><td rowspan="1">1568022391477</td><td rowspan="1">4834</td></tr><tr class="passedodd"><td rowspan="1">com.herokuapp.qa.tests.SubDivisonMissionPageTest</td><td><a href="#m11">verifyaddmision_as_subdepart</a></td><td rowspan="1">1568022617295</td><td rowspan="1">8692</td></tr></tbody>
</table>
<h2>tracify app test Cases</h2><h3 id="m0">com.herokuapp.qa.tests.CreateMissionsPageTest#verifymissionlabel</h3><table class="result"><tr class="param"><th>Parameter #1</th><th>Parameter #2</th><th>Parameter #3</th><th>Parameter #4</th><th>Parameter #5</th><th>Parameter #6</th></tr><tr class="param stripe"><td>etett</td><td>etetet</td><td>tetyyt</td><td>ejkrk</td><td>rtggy</td><td>ewtytyewty</td></tr><tr><th colspan="6">Exception</th></tr><tr><td colspan="6"><div class="stacktrace">org.openqa.selenium.NoSuchElementException: no such element: Unable to locate element: {&quot;method&quot;:&quot;xpath&quot;,&quot;selector&quot;:&quot;//li[contains(text(),&apos;etett&apos;)]&quot;}
  (Session info: chrome=76.0.3809.132)
For documentation on this error, please visit: http://seleniumhq.org/exceptions/no_such_element.html
Build info: version: &apos;3.12.0&apos;, revision: &apos;7c6e0b3&apos;, time: &apos;2018-05-08T14:04:26.12Z&apos;
System info: host: &apos;AMW-G1&apos;, ip: &apos;10.0.75.1&apos;, os.name: &apos;Windows 10&apos;, os.arch: &apos;amd64&apos;, os.version: &apos;10.0&apos;, java.version: &apos;1.8.0_201&apos;
Driver info: org.openqa.selenium.chrome.ChromeDriver
Capabilities {acceptInsecureCerts: false, browserName: chrome, browserVersion: 76.0.3809.132, chrome: {chromedriverVersion: 76.0.3809.126 (d80a294506b4..., userDataDir: C:\WINDOWS\TEMP\scoped_dir2...}, goog:chromeOptions: {debuggerAddress: localhost:61914}, javascriptEnabled: true, networkConnectionEnabled: false, pageLoadStrategy: normal, platform: XP, platformName: XP, proxy: Proxy(), setWindowRect: true, strictFileInteractability: false, timeouts: {implicit: 0, pageLoad: 300000, script: 30000}, unhandledPromptBehavior: dismiss and notify}
Session ID: 374333ad14b3aad05261c065e30dbc5c
*** Element info: {Using=xpath, value=//li[contains(text(),&apos;etett&apos;)]}
	at org.openqa.selenium.remote.http.W3CHttpResponseCodec.createException(W3CHttpResponseCodec.java:187)
	at org.openqa.selenium.remote.http.W3CHttpResponseCodec.decode(W3CHttpResponseCodec.java:122)
	at org.openqa.selenium.remote.http.W3CHttpResponseCodec.decode(W3CHttpResponseCodec.java:49)
	at org.openqa.selenium.remote.HttpCommandExecutor.execute(HttpCommandExecutor.java:158)
	at org.openqa.selenium.remote.service.DriverCommandExecutor.execute(DriverCommandExecutor.java:83)
	at org.openqa.selenium.remote.RemoteWebDriver.execute(RemoteWebDriver.java:543)
	at org.openqa.selenium.remote.RemoteWebDriver.findElement(RemoteWebDriver.java:317)
	at org.openqa.selenium.remote.RemoteWebDriver.findElementByXPath(RemoteWebDriver.java:419)
	at org.openqa.selenium.By$ByXPath.findElement(By.java:353)
	at org.openqa.selenium.remote.RemoteWebDriver.findElement(RemoteWebDriver.java:309)
	at org.openqa.selenium.support.events.EventFiringWebDriver.lambda$new$1(EventFiringWebDriver.java:103)
	at com.sun.proxy.$Proxy10.findElement(Unknown Source)
	at org.openqa.selenium.support.events.EventFiringWebDriver.findElement(EventFiringWebDriver.java:186)
	at com.herokuapp.qa.pages.CreateMissionsPage.Select_DÃ©partement(CreateMissionsPage.java:107)
	at com.herokuapp.qa.tests.CreateMissionsPageTest.verifymissionlabel(CreateMissionsPageTest.java:65)
... Removed 32 stack frames</div></td></tr></table><p class="totop"><a href="#summary">back to summary</a></p>
<h3 id="m1">com.herokuapp.qa.tests.SubDivisonMissionPageTest#verifyaddmision_as_subdepart</h3><table class="result"><tr class="param"><th>Parameter #1</th><th>Parameter #2</th><th>Parameter #3</th><th>Parameter #4</th><th>Parameter #5</th><th>Parameter #6</th></tr><tr class="param stripe"><td>etett</td><td>etetet</td><td>tetyyt</td><td>ejkrk</td><td>rtggy</td><td>ewtytyewty</td></tr><tr><th colspan="6">Exception</th></tr><tr><td colspan="6"><div class="stacktrace">org.openqa.selenium.NoSuchElementException: no such element: Unable to locate element: {&quot;method&quot;:&quot;xpath&quot;,&quot;selector&quot;:&quot;//a[contains(@class, &apos;dropdown-item&apos;)][contains(text(),&apos;etett&apos;)]&quot;}
  (Session info: chrome=76.0.3809.132)
For documentation on this error, please visit: http://seleniumhq.org/exceptions/no_such_element.html
Build info: version: &apos;3.12.0&apos;, revision: &apos;7c6e0b3&apos;, time: &apos;2018-05-08T14:04:26.12Z&apos;
System info: host: &apos;AMW-G1&apos;, ip: &apos;10.0.75.1&apos;, os.name: &apos;Windows 10&apos;, os.arch: &apos;amd64&apos;, os.version: &apos;10.0&apos;, java.version: &apos;1.8.0_201&apos;
Driver info: org.openqa.selenium.chrome.ChromeDriver
Capabilities {acceptInsecureCerts: false, browserName: chrome, browserVersion: 76.0.3809.132, chrome: {chromedriverVersion: 76.0.3809.126 (d80a294506b4..., userDataDir: C:\WINDOWS\TEMP\scoped_dir2...}, goog:chromeOptions: {debuggerAddress: localhost:61988}, javascriptEnabled: true, networkConnectionEnabled: false, pageLoadStrategy: normal, platform: XP, platformName: XP, proxy: Proxy(), setWindowRect: true, strictFileInteractability: false, timeouts: {implicit: 0, pageLoad: 300000, script: 30000}, unhandledPromptBehavior: dismiss and notify}
Session ID: 214332a94a140518727121b556377304
*** Element info: {Using=xpath, value=//a[contains(@class, &apos;dropdown-item&apos;)][contains(text(),&apos;etett&apos;)]}
	at org.openqa.selenium.remote.http.W3CHttpResponseCodec.createException(W3CHttpResponseCodec.java:187)
	at org.openqa.selenium.remote.http.W3CHttpResponseCodec.decode(W3CHttpResponseCodec.java:122)
	at org.openqa.selenium.remote.http.W3CHttpResponseCodec.decode(W3CHttpResponseCodec.java:49)
	at org.openqa.selenium.remote.HttpCommandExecutor.execute(HttpCommandExecutor.java:158)
	at org.openqa.selenium.remote.service.DriverCommandExecutor.execute(DriverCommandExecutor.java:83)
	at org.openqa.selenium.remote.RemoteWebDriver.execute(RemoteWebDriver.java:543)
	at org.openqa.selenium.remote.RemoteWebDriver.findElement(RemoteWebDriver.java:317)
	at org.openqa.selenium.remote.RemoteWebDriver.findElementByXPath(RemoteWebDriver.java:419)
	at org.openqa.selenium.By$ByXPath.findElement(By.java:353)
	at org.openqa.selenium.remote.RemoteWebDriver.findElement(RemoteWebDriver.java:309)
	at org.openqa.selenium.support.events.EventFiringWebDriver.lambda$new$1(EventFiringWebDriver.java:103)
	at com.sun.proxy.$Proxy10.findElement(Unknown Source)
	at org.openqa.selenium.support.events.EventFiringWebDriver.findElement(EventFiringWebDriver.java:186)
	at com.herokuapp.qa.pages.SubDivisonMissionPage.By_department(SubDivisonMissionPage.java:36)
	at com.herokuapp.qa.tests.SubDivisonMissionPageTest.verifyaddmision_as_subdepart(SubDivisonMissionPageTest.java:46)
... Removed 32 stack frames</div></td></tr></table><p class="totop"><a href="#summary">back to summary</a></p>
<h3 id="m2">com.herokuapp.qa.tests.CreateMissionsPageTest#verifyTableList</h3><table class="result"><tr><th class="invisible"/></tr></table><p class="totop"><a href="#summary">back to summary</a></p>
<h3 id="m3">com.herokuapp.qa.tests.CreateMissionsPageTest#verifymissionlabel</h3><table class="result"><tr class="param"><th>Parameter #1</th><th>Parameter #2</th><th>Parameter #3</th><th>Parameter #4</th><th>Parameter #5</th><th>Parameter #6</th></tr><tr class="param stripe"><td>Testing  New Department</td><td>Testing Category</td><td>Client 1</td><td>chhotuManual</td><td>chhotuManual</td><td>Test Deadline1</td></tr></table><p class="totop"><a href="#summary">back to summary</a></p>
<h3 id="m4">com.herokuapp.qa.tests.EditProfilePageTest#update</h3><table class="result"><tr class="param"><th>Parameter #1</th></tr><tr class="param stripe"><td>Indore</td></tr></table><p class="totop"><a href="#summary">back to summary</a></p>
<h3 id="m5">com.herokuapp.qa.tests.EditProfilePageTest#verify_updated_data</h3><table class="result"><tr class="param"><th>Parameter #1</th></tr><tr class="param stripe"><td>Indore</td></tr></table><p class="totop"><a href="#summary">back to summary</a></p>
<h3 id="m6">com.herokuapp.qa.tests.HomePageTest#VerifyUserProfileName</h3><table class="result"><tr><th class="invisible"/></tr></table><p class="totop"><a href="#summary">back to summary</a></p>
<h3 id="m7">com.herokuapp.qa.tests.HomePageTest#verifyHomePageTitle</h3><table class="result"><tr><th class="invisible"/></tr></table><p class="totop"><a href="#summary">back to summary</a></p>
<h3 id="m8">com.herokuapp.qa.tests.LoginPageTest#login</h3><table class="result"><tr><th class="invisible"/></tr></table><p class="totop"><a href="#summary">back to summary</a></p>
<h3 id="m9">com.herokuapp.qa.tests.LoginPageTest#verifyloginpagetitle</h3><table class="result"><tr><th class="invisible"/></tr></table><p class="totop"><a href="#summary">back to summary</a></p>
<h3 id="m10">com.herokuapp.qa.tests.LogoutPageTest#clicklogout</h3><table class="result"><tr><th class="invisible"/></tr></table><p class="totop"><a href="#summary">back to summary</a></p>
<h3 id="m11">com.herokuapp.qa.tests.SubDivisonMissionPageTest#verifyaddmision_as_subdepart</h3><table class="result"><tr class="param"><th>Parameter #1</th><th>Parameter #2</th><th>Parameter #3</th><th>Parameter #4</th><th>Parameter #5</th><th>Parameter #6</th></tr><tr class="param stripe"><td>Testing  New Department</td><td>Testing Category</td><td>Client 1</td><td>chhotuManual</td><td>chhotuManual</td><td>Test Deadline1</td></tr></table><p class="totop"><a href="#summary">back to summary</a></p>
</body>
</html>
